TN:
SF:/Users/vladimirdzotov/Downloads/truth-fresh/truth-markets-fuzzing/lib/forge-std/src/Base.sol
DA:1,0
DA:9,30
end_of_record

SF:/Users/vladimirdzotov/Downloads/truth-fresh/truth-markets-fuzzing/lib/forge-std/src/StdAssertions.sol
DA:8,0
DA:38,0
DA:39,0
DA:40,0
DA:42,0
end_of_record

SF:/Users/vladimirdzotov/Downloads/truth-fresh/truth-markets-fuzzing/lib/forge-std/src/StdChains.sol
DA:66,21
end_of_record

SF:/Users/vladimirdzotov/Downloads/truth-fresh/truth-markets-fuzzing/lib/forge-std/src/StdCheats.sol
end_of_record

SF:/Users/vladimirdzotov/Downloads/truth-fresh/truth-markets-fuzzing/lib/forge-std/src/StdError.sol
DA:5,0
DA:6,0
DA:7,0
DA:8,0
DA:9,0
DA:10,0
DA:11,0
DA:12,0
DA:13,0
DA:14,0
end_of_record

SF:/Users/vladimirdzotov/Downloads/truth-fresh/truth-markets-fuzzing/lib/forge-std/src/StdInvariant.sol
DA:83,0
DA:84,0
DA:87,0
DA:88,0
DA:91,0
DA:92,0
DA:95,0
DA:96,0
DA:99,0
DA:100,0
DA:103,0
DA:104,0
DA:107,0
DA:108,0
DA:111,0
DA:112,0
DA:115,0
DA:116,0
DA:119,0
DA:120,0
end_of_record

SF:/Users/vladimirdzotov/Downloads/truth-fresh/truth-markets-fuzzing/lib/forge-std/src/StdJson.sol
DA:25,0
end_of_record

SF:/Users/vladimirdzotov/Downloads/truth-fresh/truth-markets-fuzzing/lib/forge-std/src/StdMath.sol
DA:4,0
end_of_record

SF:/Users/vladimirdzotov/Downloads/truth-fresh/truth-markets-fuzzing/lib/forge-std/src/StdStorage.sol
DA:24,0
DA:334,0
end_of_record

SF:/Users/vladimirdzotov/Downloads/truth-fresh/truth-markets-fuzzing/lib/forge-std/src/StdStyle.sol
DA:6,0
end_of_record

SF:/Users/vladimirdzotov/Downloads/truth-fresh/truth-markets-fuzzing/lib/forge-std/src/StdToml.sol
DA:25,0
end_of_record

SF:/Users/vladimirdzotov/Downloads/truth-fresh/truth-markets-fuzzing/lib/forge-std/src/StdUtils.sol
end_of_record

SF:/Users/vladimirdzotov/Downloads/truth-fresh/truth-markets-fuzzing/lib/forge-std/src/Test.sol
DA:32,21
end_of_record

SF:/Users/vladimirdzotov/Downloads/truth-fresh/truth-markets-fuzzing/lib/forge-std/src/Vm.sol
end_of_record

SF:/Users/vladimirdzotov/Downloads/truth-fresh/truth-markets-fuzzing/lib/forge-std/src/console.sol
DA:4,0
DA:5,1
DA:7,5
DA:9,1
DA:11,3
DA:15,3
DA:16,11
DA:19,3
DA:20,5
DA:21,3
DA:23,4
DA:24,3
DA:25,7
DA:221,4
DA:222,50
DA:229,4
DA:230,50
DA:337,5
DA:338,52
end_of_record

SF:/Users/vladimirdzotov/Downloads/truth-fresh/truth-markets-fuzzing/lib/forge-std/src/console2.sol
end_of_record

SF:/Users/vladimirdzotov/Downloads/truth-fresh/truth-markets-fuzzing/lib/forge-std/src/interfaces/IERC165.sol
end_of_record

SF:/Users/vladimirdzotov/Downloads/truth-fresh/truth-markets-fuzzing/lib/forge-std/src/interfaces/IERC20.sol
end_of_record

SF:/Users/vladimirdzotov/Downloads/truth-fresh/truth-markets-fuzzing/lib/forge-std/src/interfaces/IERC721.sol
end_of_record

SF:/Users/vladimirdzotov/Downloads/truth-fresh/truth-markets-fuzzing/lib/forge-std/src/interfaces/IMulticall3.sol
end_of_record

SF:/Users/vladimirdzotov/Downloads/truth-fresh/truth-markets-fuzzing/lib/forge-std/src/mocks/MockERC20.sol
DA:8,0
DA:19,0
DA:20,0
DA:23,0
DA:24,0
DA:27,0
DA:28,0
DA:41,0
DA:42,0
DA:45,0
DA:46,0
DA:49,0
DA:50,0
DA:61,0
DA:72,0
DA:73,0
DA:75,0
DA:76,0
DA:77,0
DA:79,0
DA:80,0
DA:82,0
DA:89,0
DA:90,0
DA:92,0
DA:94,0
DA:97,0
DA:98,0
DA:99,0
DA:101,0
DA:103,0
DA:106,0
DA:107,0
DA:109,0
DA:111,0
DA:112,0
DA:114,0
DA:116,0
DA:123,0
DA:126,0
DA:127,0
DA:129,0
DA:130,0
DA:131,0
DA:133,0
DA:134,0
DA:135,0
DA:136,0
DA:139,0
DA:140,0
DA:141,0
DA:142,0
DA:143,0
DA:148,0
DA:149,0
DA:150,0
DA:153,0
DA:155,0
DA:157,0
DA:160,0
DA:161,0
DA:164,0
DA:165,0
DA:166,0
DA:167,0
DA:168,0
DA:169,0
DA:170,0
DA:171,0
DA:198,0
DA:199,0
DA:200,0
DA:201,0
DA:204,0
DA:205,0
DA:206,0
DA:217,0
DA:220,0
DA:226,0
DA:227,0
DA:228,0
DA:230,0
DA:232,0
end_of_record

SF:/Users/vladimirdzotov/Downloads/truth-fresh/truth-markets-fuzzing/lib/forge-std/src/mocks/MockERC721.sol
DA:8,0
DA:17,0
DA:18,0
DA:21,0
DA:22,0
DA:25,0
DA:35,0
DA:36,0
DA:39,0
DA:40,0
DA:42,0
DA:53,0
DA:54,0
DA:57,0
DA:58,0
DA:70,0
DA:71,0
DA:73,0
DA:74,0
DA:76,0
DA:83,0
DA:84,0
DA:86,0
DA:88,0
DA:90,0
DA:93,0
DA:94,0
DA:96,0
DA:99,0
DA:100,0
DA:102,0
DA:104,0
DA:105,0
DA:111,0
DA:113,0
DA:115,0
DA:117,0
DA:119,0
DA:122,0
DA:123,0
DA:125,0
DA:126,0
DA:127,0
DA:128,0
DA:133,0
DA:139,0
DA:141,0
DA:142,0
DA:143,0
DA:144,0
DA:153,0
DA:154,0
DA:155,0
DA:156,0
DA:221,0
DA:222,0
DA:226,0
DA:229,0
end_of_record

SF:/Users/vladimirdzotov/Downloads/truth-fresh/truth-markets-fuzzing/lib/forge-std/src/safeconsole.sol
DA:6,0
end_of_record

SF:/Users/vladimirdzotov/Downloads/truth-fresh/truth-markets-fuzzing/lib/fuzzlib/src/FuzzBase.sol
DA:8,43
DA:11,83
end_of_record

SF:/Users/vladimirdzotov/Downloads/truth-fresh/truth-markets-fuzzing/lib/fuzzlib/src/FuzzLibString.sol
DA:8,0
DA:11,0
DA:12,0
DA:13,0
DA:15,0
DA:16,0
DA:20,6
DA:22,3
DA:26,4
DA:29,3
DA:32,5
DA:35,3
DA:38,1
DA:43,9
DA:45,5
DA:49,7
DA:52,5
DA:55,2
DA:59,3
DA:62,5
DA:65,3
DA:69,0
DA:70,0
DA:71,0
DA:72,0
DA:73,0
DA:75,0
DA:76,0
DA:77,0
DA:78,0
DA:80,0
DA:83,0
DA:84,0
DA:85,0
DA:90,0
DA:93,0
DA:95,0
DA:96,0
DA:97,0
DA:98,0
DA:99,0
DA:100,0
DA:101,0
DA:103,0
DA:107,0
DA:110,0
DA:113,0
DA:115,0
DA:116,0
DA:117,0
DA:118,0
DA:121,0
DA:122,0
DA:123,0
DA:124,0
DA:128,0
DA:129,0
DA:133,0
DA:137,0
DA:141,0
DA:143,0
DA:146,0
DA:149,0
DA:151,0
DA:152,0
end_of_record

SF:/Users/vladimirdzotov/Downloads/truth-fresh/truth-markets-fuzzing/lib/fuzzlib/src/Fuzzlib.sol
DA:11,180
end_of_record

SF:/Users/vladimirdzotov/Downloads/truth-fresh/truth-markets-fuzzing/lib/fuzzlib/src/helpers/HelperAssert.sol
DA:18,18
DA:19,3
DA:20,17
DA:21,55
DA:26,0
DA:31,0
DA:32,0
DA:33,0
DA:34,0
DA:35,0
DA:36,0
DA:41,0
DA:46,0
DA:47,0
DA:48,0
DA:49,0
DA:50,0
DA:51,0
DA:56,0
DA:61,0
DA:62,0
DA:63,0
DA:64,0
DA:65,0
DA:66,0
DA:71,0
DA:76,0
DA:77,0
DA:78,0
DA:79,0
DA:80,0
DA:81,0
DA:86,0
DA:91,0
DA:92,0
DA:93,0
DA:94,0
DA:95,0
DA:96,0
DA:97,0
DA:98,0
DA:103,0
DA:108,0
DA:109,0
DA:110,0
DA:111,0
DA:112,0
DA:113,0
DA:118,0
DA:123,0
DA:124,0
DA:125,0
DA:126,0
DA:127,0
DA:128,0
DA:133,0
DA:138,0
DA:139,0
DA:140,0
DA:141,0
DA:142,0
DA:143,0
DA:148,0
DA:153,0
DA:154,0
DA:155,0
DA:156,0
DA:157,0
DA:158,0
DA:163,0
DA:168,0
DA:169,0
DA:170,0
DA:171,0
DA:172,0
DA:173,0
DA:178,0
DA:183,0
DA:184,0
DA:185,0
DA:186,0
DA:187,0
DA:188,0
DA:193,0
DA:198,0
DA:199,0
DA:200,0
DA:201,0
DA:202,0
DA:203,0
DA:208,0
DA:213,0
DA:214,0
DA:215,0
DA:216,0
DA:217,0
DA:218,0
DA:223,0
DA:228,0
DA:229,0
DA:230,0
DA:231,0
DA:232,0
DA:233,0
DA:238,0
DA:243,0
DA:244,0
DA:245,0
DA:246,0
DA:247,0
DA:248,0
DA:252,0
DA:255,0
DA:256,0
DA:257,0
DA:260,0
DA:263,0
DA:264,0
DA:265,0
DA:268,0
DA:272,0
DA:273,0
DA:274,0
DA:275,0
DA:276,0
DA:278,0
DA:281,0
DA:286,0
DA:287,0
DA:288,0
DA:289,0
DA:290,0
DA:291,0
DA:293,0
DA:296,0
DA:302,0
DA:303,0
DA:304,0
DA:305,0
DA:306,0
DA:307,0
DA:308,0
DA:309,0
DA:311,0
DA:313,0
DA:315,0
DA:318,0
DA:321,18
DA:325,0
DA:326,1
DA:327,20
DA:328,26
DA:329,0
DA:330,0
DA:333,5
DA:336,0
DA:340,0
DA:341,0
DA:342,0
DA:343,0
DA:344,0
DA:345,0
DA:346,0
DA:347,0
DA:350,0
DA:353,0
DA:354,0
end_of_record

SF:/Users/vladimirdzotov/Downloads/truth-fresh/truth-markets-fuzzing/lib/fuzzlib/src/helpers/HelperBase.sol
DA:6,0
DA:7,0
DA:9,22
DA:10,21
end_of_record

SF:/Users/vladimirdzotov/Downloads/truth-fresh/truth-markets-fuzzing/lib/fuzzlib/src/helpers/HelperClamp.sol
DA:18,40
DA:22,1
DA:23,10
DA:27,0
DA:31,0
DA:32,0
DA:36,0
DA:37,0
DA:41,0
DA:42,0
DA:46,0
DA:47,0
DA:51,0
DA:52,0
DA:56,0
DA:57,0
DA:61,0
DA:62,0
DA:66,0
DA:67,0
DA:71,0
DA:72,0
DA:82,9
DA:87,1
DA:88,15
DA:89,32
DA:90,8
DA:91,8
DA:92,8
DA:93,26
DA:95,1
DA:97,1
DA:99,17
DA:101,6
DA:103,3
DA:107,0
DA:112,0
DA:113,0
DA:114,0
DA:115,0
DA:116,0
DA:117,0
DA:118,0
DA:119,0
DA:120,0
DA:121,0
DA:123,0
DA:125,0
DA:127,0
DA:129,0
DA:131,0
DA:135,0
DA:139,0
DA:140,0
DA:141,0
DA:142,0
DA:143,0
DA:146,0
DA:147,0
DA:148,0
DA:149,0
DA:150,0
DA:152,0
DA:154,0
DA:156,0
DA:158,0
DA:160,0
DA:164,0
DA:168,0
DA:169,0
DA:170,0
DA:171,0
DA:172,0
DA:173,0
DA:174,0
DA:176,0
DA:178,0
DA:180,0
DA:182,0
DA:184,0
DA:188,0
DA:192,0
DA:193,0
DA:194,0
DA:195,0
DA:196,0
DA:197,0
DA:198,0
DA:200,0
DA:202,0
DA:204,0
DA:206,0
DA:208,0
DA:212,0
DA:216,0
DA:217,0
DA:218,0
DA:219,0
DA:220,0
DA:221,0
DA:222,0
DA:224,0
DA:226,0
DA:228,0
DA:230,0
DA:232,0
DA:236,0
DA:240,0
DA:241,0
DA:242,0
DA:243,0
DA:244,0
DA:247,0
DA:248,0
DA:249,0
DA:250,0
DA:251,0
DA:253,0
DA:255,0
DA:257,0
DA:259,0
DA:261,0
DA:266,0
DA:270,0
DA:271,0
DA:272,0
DA:273,0
DA:274,0
DA:275,0
DA:276,0
DA:278,0
DA:280,0
DA:282,0
DA:284,0
DA:286,0
DA:291,0
DA:295,0
DA:296,0
DA:297,0
DA:298,0
DA:299,0
DA:300,0
DA:301,0
DA:303,0
DA:305,0
DA:307,0
DA:309,0
DA:311,0
DA:315,0
DA:319,0
DA:320,0
DA:321,0
DA:322,0
DA:323,0
DA:324,0
DA:325,0
DA:327,0
DA:329,0
DA:331,0
DA:333,0
DA:335,0
end_of_record

SF:/Users/vladimirdzotov/Downloads/truth-fresh/truth-markets-fuzzing/lib/fuzzlib/src/helpers/HelperLog.sol
DA:7,0
DA:8,0
DA:11,23
DA:12,6
DA:15,0
DA:16,0
DA:19,23
DA:20,6
DA:23,0
DA:24,0
DA:27,0
DA:28,0
DA:31,0
DA:32,0
DA:35,23
DA:36,6
DA:39,0
DA:40,0
DA:43,0
DA:44,0
DA:47,0
DA:48,0
DA:51,0
DA:52,0
DA:55,0
DA:56,0
DA:59,0
DA:60,0
DA:63,0
DA:64,0
DA:67,0
DA:68,0
DA:71,0
DA:72,0
end_of_record

SF:/Users/vladimirdzotov/Downloads/truth-fresh/truth-markets-fuzzing/lib/fuzzlib/src/helpers/HelperMath.sol
DA:5,0
DA:6,0
DA:9,0
DA:10,0
DA:14,0
DA:15,0
DA:19,0
DA:20,0
DA:23,0
DA:24,0
DA:27,0
DA:28,0
DA:31,0
DA:32,0
end_of_record

SF:/Users/vladimirdzotov/Downloads/truth-fresh/truth-markets-fuzzing/lib/fuzzlib/src/helpers/HelperRandom.sol
DA:7,0
DA:11,0
DA:12,0
DA:14,0
DA:15,0
DA:17,0
DA:18,0
end_of_record

SF:/Users/vladimirdzotov/Downloads/truth-fresh/truth-markets-fuzzing/lib/fuzzlib/src/libraries/LibLog.sol
DA:4,0
DA:23,0
DA:24,0
DA:27,4
DA:28,19
DA:31,0
DA:32,0
DA:35,4
DA:36,19
DA:39,0
DA:40,0
DA:43,0
DA:44,0
DA:47,0
DA:48,0
DA:51,4
DA:52,19
DA:55,0
DA:56,0
DA:59,0
DA:60,0
DA:63,0
DA:64,0
DA:67,0
DA:68,0
DA:71,0
DA:72,0
DA:75,0
DA:76,0
DA:79,0
DA:80,0
DA:83,0
DA:84,0
end_of_record

SF:/Users/vladimirdzotov/Downloads/truth-fresh/truth-markets-fuzzing/lib/fuzzlib/src/platform/IPlatform.sol
end_of_record

SF:/Users/vladimirdzotov/Downloads/truth-fresh/truth-markets-fuzzing/lib/fuzzlib/src/platform/PlatformCrytic.sol
DA:7,41
DA:8,5
DA:9,6
end_of_record

SF:/Users/vladimirdzotov/Downloads/truth-fresh/truth-markets-fuzzing/test/fuzzing/Fuzz.sol
DA:6,329
DA:8,8
end_of_record

SF:/Users/vladimirdzotov/Downloads/truth-fresh/truth-markets-fuzzing/test/fuzzing/FuzzGuided.sol
DA:6,333
DA:7,23
DA:8,5
DA:9,5
end_of_record

SF:/Users/vladimirdzotov/Downloads/truth-fresh/truth-markets-fuzzing/test/fuzzing/FuzzSampleContract.sol
DA:7,0
DA:8,26
DA:9,8
DA:11,50
DA:12,36
DA:13,5
DA:15,14
DA:17,7
DA:20,18
DA:21,8
DA:23,50
DA:24,36
DA:25,5
DA:27,14
DA:29,6
DA:32,18
DA:33,8
DA:35,50
DA:36,36
DA:37,5
DA:39,14
DA:41,6
DA:44,18
DA:45,8
DA:47,50
DA:48,36
DA:49,5
DA:51,14
DA:53,6
DA:56,18
DA:57,8
DA:59,50
DA:60,36
DA:61,5
DA:63,14
DA:65,6
DA:68,18
DA:69,8
DA:71,50
DA:72,36
DA:73,5
DA:75,14
DA:77,6
end_of_record

SF:/Users/vladimirdzotov/Downloads/truth-fresh/truth-markets-fuzzing/test/fuzzing/FuzzSetup.sol
DA:6,0
DA:7,2
DA:8,8
DA:9,8
DA:12,2
DA:13,43
DA:17,2
DA:19,61
DA:22,50
DA:23,50
DA:24,50
end_of_record

SF:/Users/vladimirdzotov/Downloads/truth-fresh/truth-markets-fuzzing/test/fuzzing/SampleContract.sol
DA:4,66
DA:7,22
DA:8,10
DA:11,5
DA:12,22
DA:15,5
DA:16,19
DA:19,5
DA:20,1
DA:21,7
DA:24,5
DA:25,6
DA:28,5
DA:31,3
end_of_record

SF:/Users/vladimirdzotov/Downloads/truth-fresh/truth-markets-fuzzing/test/fuzzing/helpers/BeforeAfter.sol
DA:5,0
DA:41,3
DA:42,6
DA:45,3
DA:46,6
DA:49,4
DA:50,6
DA:51,5
DA:54,4
DA:55,20
DA:56,20
DA:60,3
DA:61,5
DA:64,4
DA:65,6
DA:68,4
DA:69,28
DA:70,47
DA:73,3
DA:74,38
DA:75,38
DA:78,42
DA:79,13
end_of_record

SF:/Users/vladimirdzotov/Downloads/truth-fresh/truth-markets-fuzzing/test/fuzzing/helpers/FuzzStorageVariables.sol
DA:8,0
DA:14,21
DA:16,8
DA:17,14
DA:18,3
DA:25,1
DA:26,1
end_of_record

SF:/Users/vladimirdzotov/Downloads/truth-fresh/truth-markets-fuzzing/test/fuzzing/helpers/postconditions/PostconditionsBase.sol
DA:5,0
DA:6,3
DA:7,5
DA:10,1
DA:11,4
end_of_record

SF:/Users/vladimirdzotov/Downloads/truth-fresh/truth-markets-fuzzing/test/fuzzing/helpers/postconditions/PostconditionsSampleContract.sol
DA:6,0
DA:7,5
DA:10,7
DA:11,5
DA:13,5
DA:15,5
DA:17,0
DA:21,1
DA:24,5
DA:25,0
DA:27,4
DA:31,1
DA:36,5
DA:37,0
DA:39,4
DA:43,1
DA:46,5
DA:47,0
DA:49,4
DA:53,1
DA:56,5
DA:57,0
DA:59,4
DA:63,1
DA:68,5
DA:69,0
DA:71,4
end_of_record

SF:/Users/vladimirdzotov/Downloads/truth-fresh/truth-markets-fuzzing/test/fuzzing/helpers/preconditions/PreconditionsBase.sol
DA:6,0
DA:10,112
DA:11,63
DA:12,161
DA:13,700
DA:15,133
DA:18,252
DA:19,154
DA:21,63
DA:22,0
DA:24,42
DA:27,189
DA:73,7
DA:74,46
DA:77,6
DA:78,53
DA:79,22
DA:80,36
DA:81,15
DA:82,24
DA:83,35
DA:84,42
DA:86,4
DA:89,7
DA:90,26
DA:91,0
end_of_record

SF:/Users/vladimirdzotov/Downloads/truth-fresh/truth-markets-fuzzing/test/fuzzing/helpers/preconditions/PreconditionsSampleContract.sol
DA:6,0
DA:7,44
DA:8,88
DA:11,40
DA:13,4
DA:15,15
DA:18,40
DA:20,4
DA:22,15
DA:25,40
DA:27,4
DA:29,88
DA:32,40
DA:34,4
DA:36,9
DA:39,40
DA:41,4
DA:43,15
end_of_record

SF:/Users/vladimirdzotov/Downloads/truth-fresh/truth-markets-fuzzing/test/fuzzing/properties/Properties.sol
DA:5,0
DA:10,4
DA:11,3
DA:18,4
DA:19,3
end_of_record

SF:/Users/vladimirdzotov/Downloads/truth-fresh/truth-markets-fuzzing/test/fuzzing/properties/PropertiesBase.sol
DA:13,0
end_of_record

SF:/Users/vladimirdzotov/Downloads/truth-fresh/truth-markets-fuzzing/test/fuzzing/properties/PropertiesDescriptions.sol
DA:3,0
end_of_record

SF:/Users/vladimirdzotov/Downloads/truth-fresh/truth-markets-fuzzing/test/fuzzing/properties/PropertiesReverts.sol
DA:7,1
DA:9,7
DA:10,3
DA:11,64
DA:13,0
DA:16,0
DA:19,1
DA:21,6
DA:25,12
DA:26,4
DA:27,0
DA:31,12
DA:32,4
DA:33,0
DA:37,4
DA:75,1
DA:76,8
DA:77,7
DA:78,1
DA:80,20
DA:81,20
DA:82,0
DA:83,0
DA:87,63
DA:88,3
DA:89,64
DA:93,1
DA:94,8
DA:95,61
DA:97,9
DA:98,0
DA:99,0
DA:102,3
DA:103,66
DA:107,1
DA:108,1
DA:110,6
DA:113,65
DA:114,87
DA:117,7
DA:118,63
DA:119,8
DA:120,0
DA:121,0
DA:124,1
DA:126,6
DA:128,4
DA:131,7
DA:132,8
DA:133,0
DA:134,0
DA:135,0
DA:139,5
DA:141,17
end_of_record

SF:/Users/vladimirdzotov/Downloads/truth-fresh/truth-markets-fuzzing/test/fuzzing/properties/Properties_ERR.sol
DA:13,4
DA:14,50
DA:15,19
DA:16,19
DA:17,19
DA:18,19
DA:21,4
DA:24,4
DA:25,50
DA:27,4
DA:30,7
DA:31,51
DA:32,18
DA:33,18
DA:34,18
DA:35,18
DA:36,18
DA:37,18
DA:38,18
DA:39,18
DA:40,18
DA:42,20
DA:43,32
DA:44,0
DA:47,4
end_of_record

SF:/Users/vladimirdzotov/Downloads/truth-fresh/truth-markets-fuzzing/test/fuzzing/utils/FunctionCalls.sol
DA:7,0
DA:10,7
DA:11,17
DA:13,61
DA:14,8
DA:15,95
DA:18,7
DA:19,61
DA:20,77
DA:21,47
DA:25,5
DA:27,2
DA:29,61
DA:30,77
DA:31,47
DA:35,7
DA:36,61
DA:37,77
DA:38,47
DA:42,7
DA:43,61
DA:44,77
DA:45,47
DA:49,5
DA:51,2
DA:53,61
DA:54,56
DA:55,47
end_of_record

SF:/Users/vladimirdzotov/Downloads/truth-fresh/truth-markets-fuzzing/test/fuzzing/utils/FuzzActors.sol
DA:7,0
DA:10,2
DA:11,2
DA:12,2
DA:14,42
end_of_record

SF:/Users/vladimirdzotov/Downloads/truth-fresh/truth-markets-fuzzing/test/fuzzing/utils/FuzzConstants.sol
DA:3,0
DA:8,43
DA:10,43
DA:12,43
DA:14,43
DA:16,43
DA:18,43
DA:20,43
DA:22,43
DA:24,43
DA:31,1
DA:33,1
DA:35,1
DA:36,1
end_of_record

